*** Darwin 8x8 ***
Turn = 0.
  01234567
0 f.......
1 ........
2 ........
3 ...hh...
4 ...hh...
5 ........
6 ........
7 .......f

Turn = 1.
  01234567
0 f.......
1 ........
2 ...h....
3 .....h..
4 ..h.....
5 ....h...
6 ........
7 .......f

Turn = 2.
  01234567
0 f.......
1 ...h....
2 ........
3 ......h.
4 .h......
5 ........
6 ....h...
7 .......f

Turn = 3.
  01234567
0 f..h....
1 ........
2 ........
3 .......h
4 h.......
5 ........
6 ........
7 ....h..f

Turn = 4.
  01234567
0 f..h....
1 ........
2 ........
3 .......h
4 h.......
5 ........
6 ........
7 ....h..f

Turn = 5.
  01234567
0 f..h....
1 ........
2 ........
3 .......h
4 h.......
5 ........
6 ........
7 ....h..f

*** Darwin 7x9 ***
Turn = 0.
  012345678
0 t........
1 .........
2 .........
3 ..h......
4 .........
5 ....r....
6 ........t

Turn = 1.
  012345678
0 t........
1 .........
2 .........
3 ...h.....
4 ....r....
5 .........
6 ........t

Turn = 2.
  012345678
0 t........
1 .........
2 .........
3 ....r....
4 ....r....
5 .........
6 ........t

Turn = 3.
  012345678
0 t........
1 .........
2 .........
3 ....rr...
4 .........
5 .........
6 ........t

Turn = 4.
  012345678
0 t........
1 .........
2 ....r....
3 ......r..
4 .........
5 .........
6 ........t

Turn = 5.
  012345678
0 t........
1 ....r....
2 .........
3 .......r.
4 .........
5 .........
6 ........t

*** Darwin 5x5 ***
Turn = 0.
  01234
0 fhr.f
1 ..h.r
2 r..f.
3 ..rt.
4 t...f

Turn = 10.
  01234
0 .rrr.
1 ....h
2 ..tt.
3 .t.tt
4 tt..t

Turn = 20.
  01234
0 r.r..
1 ....h
2 rr.t.
3 rr.tt
4 .r..t

*** Darwin 3x3 ***
Turn = 0.
  012
0 .hh
1 h..
2 .h.

Turn = 10.
  012
0 .hh
1 h..
2 .h.

*** Darwin 4x4 ***
Turn = 0.
  0123
0 f.rf
1 r...
2 ...r
3 fr.f

Turn = 50.
  0123
0 rr.r
1 rrr.
2 ....
3 .rr.

*** Darwin 20x15 ***
Turn = 0.
  012345678901234
0 ..r.......h...f
1 .fh............
2 .......t.......
3 ...r..........f
4 .........t.....
5 ....r..t....t..
6 ...f...........
7 f...f..r.......
8 h.............f
9 .......t.......
0 ..........h....
1 ....f..........
2 .........r.....
3 ..t...h.......h
4 ..............t
5 t.....r...r....
6 ...............
7 ...h.....t.....
8 .............f.
9 f.....h......th

Turn = 10.
  012345678901234
0 ....r...r.....f
1 .....r.........
2 .......t.......
3 ......h.......f
4 .........t..r..
5 ..........rr..r
6 .r.f...........
7 r..hf..........
8 r.......rr....f
9 .......t.......
0 ...............
1 ....f..........
2 r..............
3 ..t.h..........
4 ..............t
5 t.............t
6 ...............
7 ........tt.....
8 ............tt.
9 f...........tt.

Turn = 20.
  012345678901234
0 r.r...rr...r...
1 .......tr......
2 r......t......r
3 ......r...r..r.
4 .........t....r
5 ...............
6 .........r..r..
7 ....f..........
8 .......t......f
9 .......tt......
0 ...............
1 ....f..........
2 ...............
3 ..tt...........
4 ..............t
5 t.............t
6 .........t.....
7 ........tt.....
8 ............tt.
9 f...........tt.

Turn = 30.
  012345678901234
0 .r.....r....rr.
1 .......t......r
2 .......t.......
3 ...............
4 .........t...r.
5 .........t.....
6 .........r.....
7 ....f..........
8 .r.....ttr.....
9 ..rr...tt......
0 ...............
1 ....f.........r
2 ...............
3 ..tt......r....
4 ..............t
5 t.............t
6 .........t.....
7 ........tt.....
8 ............tt.
9 f...........tt.

Turn = 40.
  012345678901234
0 .......t.......
1 .......rr......
2 .......t.......
3 ...............
4 r........t.....
5 .........t.....
6 .........tr....
7 ....f......r...
8 .......ttt.....
9 .......tt.....r
0 .............r.
1 ....f..........
2 .......r.......
3 ..........r....
4 ........r......
5 tt............t
6 .........t.....
7 ........ttt....
8 ..rr........tt.
9 f...........tt.

Turn = 50.
  012345678901234
0 ............r.r
1 ...............
2 r..............
3 ...............
4 .........t.....
5 .........t.....
6 .........tt...r
7 ....f..r.....r.
8 .......ttt.....
9 .......tt......
0 ...r...........
1 ....f..........
2 ...............
3 r..............
4 r.rr.......r...
5 r..............
6 .r.......t..r..
7 ........ttt....
8 ............ttt
9 f...........tt.

Turn = 60.
  012345678901234
0 ......r....r...
1 ...............
2 ...............
3 ........r......
4 ..rr.....t.....
5 .........t....r
6 .........tt....
7 ....f....t.....
8 rrr.r....t....r
9 ............r..
0 ...r..........r
1 .....r.........
2 ...............
3 ...............
4 .r.............
5 ..........r....
6 .........t.....
7 ........ttt.t..
8 ............ttt
9 f......r....tt.

Turn = 70.
  012345678901234
0 rrrr...........
1 r.r..r........r
2 ...............
3 ...............
4 .........t.....
5 .........t.....
6 .........tt....
7 .........t.....
8 .........t.....
9 ...............
0 .............r.
1 r............rr
2 ..............r
3 ............r..
4 .........r.r...
5 ...............
6 .r.......t.....
7 r.......ttt.t..
8 ............rtt
9 r..........rtt.

Turn = 80.
  012345678901234
0 .......r..r....
1 ........r...rrr
2 ..............r
3 ..............r
4 .........t.....
5 r........t.....
6 .........tt....
7 .........t.....
8 r........t.....
9 r.r............
0 ...............
1 r..............
2 ...............
3 ..r............
4 rr.............
5 .......r.......
6 .........t.....
7 ........ttt.t.t
8 ............rtt
9 .......r...rtt.

Turn = 90.
  012345678901234
0 ......r........
1 ...............
2 r.....r........
3 ...............
4 .........t....r
5 .........t.....
6 r........tt.r..
7 .......r.t...rr
8 r......r.t.....
9 .......r.......
0 ........r...r..
1 ...............
2 ...............
3 ...............
4 ...............
5 ...............
6 .........t....r
7 ........ttt.t.r
8 ..........t.rtt
9 .rr........rtt.

Turn = 100.
  012345678901234
0 ...............
1 ...............
2 ...............
3 r..............
4 .......r.t.r...
5 r........t.....
6 .........tt....
7 ........tt.....
8 ........tt.....
9 .r.......t.....
0 r..............
1 ...............
2 r.........r....
3 ...............
4 ..............r
5 ............r..
6 .........tr.rrr
7 ........tttr..r
8 ..........t..tt
9 .....r.....rr.r

*** Darwin 10x10 ***
Turn = 0.
  0123456789
0 r...h..t.h
1 ....tt.r..
2 t.t.f.f.f.
3 .ttt...r.t
4 .rh..r.t..
5 .r...h..t.
6 ..ft..h.hf
7 f..t.fr...
8 ..tt..r..h
9 ft.t.....h

Turn = 20.
  0123456789
0 r..r....rr
1 .r.r.....r
2 t.tt...r.r
3 tttt...ttr
4 ...t...tt.
5 .....tt.t.
6 ..tttt..r.
7 f..tt.....
8 .tttt.....
9 tt.t..r...

Turn = 40.
  0123456789
0 ..t.......
1 t.tr.tt...
2 t.trtt...t
3 tttr...ttt
4 .......tt.
5 ...t.tt.t.
6 ..tttt..t.
7 f..tt.....
8 .tttt.....
9 tt.tt.....

Turn = 60.
  0123456789
0 ..t.......
1 t.tt.tt...
2 t.tttt...t
3 tttt...ttt
4 .......tt.
5 ...t.tt.t.
6 ..tttt..t.
7 f..tt.....
8 .tttt.....
9 tt.tt.....

Turn = 80.
  0123456789
0 ..t.......
1 t.tt.tt...
2 t.tttt...t
3 tttt...ttt
4 .......tt.
5 ...t.tt.t.
6 ..tttt..t.
7 f..tt.....
8 .tttt.....
9 tt.tt.....

Turn = 100.
  0123456789
0 ..t.......
1 t.tt.tt...
2 t.tttt...t
3 tttt...ttt
4 .......tt.
5 ...t.tt.t.
6 ..tttt..t.
7 f..tt.....
8 .tttt.....
9 tt.tt.....

*** Darwin 10x10 ***
Turn = 0.
  0123456789
0 .fhh...h..
1 hft.h..h..
2 h.t.rr...t
3 r....h.tfr
4 ...ff....h
5 ..f...t...
6 t.h.t.f...
7 f...f.h...
8 .h.tf.ht..
9 ....t.ftt.

Turn = 5.
  0123456789
0 .ftth..h..
1 rtt......t
2 r.t.r...rt
3 r.r...t..t
4 ...f...r..
5 ..f...t...
6 tt..ttt...
7 t...t..tr.
8 ..ttt.tt..
9 ....t.ttt.

Turn = 10.
  0123456789
0 .ttrr..rr.
1 tttt.....t
2 .tt......t
3 ......t..t
4 ...f......
5 .r..t.t...
6 .rr.tttt..
7 tt..t..tt.
8 ..ttt.tt..
9 ....t.ttt.

Turn = 15.
  0123456789
0 .tttr.....
1 tttt.r...t
2 .tt......t
3 ......t..t
4 ...t......
5 ...tt.t.r.
6 r...tttt..
7 r...t..tt.
8 ..ttt.tt..
9 r.t.t.ttt.

Turn = 20.
  0123456789
0 .ttt.....t
1 tttt.....t
2 .tt......t
3 ......t..t
4 ...t......
5 ..rtttt...
6 ..r.ttttt.
7 .rr.t..tt.
8 ...tt.tt..
9 r...t.ttt.

Turn = 25.
  0123456789
0 .ttt.....t
1 tttt.....t
2 .rtr.....t
3 .rr...t..t
4 ...r......
5 r..tttt...
6 r...ttttt.
7 ....t..tt.
8 ...tt.tt..
9 ....t.ttt.

Turn = 30.
  0123456789
0 .ttt.....t
1 rttt.....t
2 rrr...r..t
3 .rr...t..t
4 ......t...
5 ...tttt...
6 ...tttttt.
7 ....t..tt.
8 ...tt.tt..
9 ....t.ttt.

Turn = 35.
  0123456789
0 rrtt.....t
1 r.tt.....r
2 rr......rt
3 .....r.r.t
4 .r....t...
5 ...tttt...
6 .r.tttttt.
7 ....t..tt.
8 ...tt.tt..
9 ....t.ttt.

Turn = 40.
  0123456789
0 tttt..r..t
1 tttt...rrt
2 .........t
3 .........r
4 ......t...
5 ...tttt...
6 ...tttttt.
7 .r..t..tt.
8 .r.tt.tt..
9 ..r.t.ttt.

Turn = 45.
  0123456789
0 trrrr..rrr
1 tttt.....r
2 .....r..r.
3 ..........
4 ......t...
5 ..rtttt...
6 ...rtrttt.
7 ..r.t.rtt.
8 ...tt.rt..
9 ....tr.tt.

Turn = 50.
  0123456789
0 ttttr.....
1 ttttr.....
2 r..r.....r
3 ...r......
4 ....r.t...
5 r..tttt.r.
6 ...tttttt.
7 ....t.rtt.
8 ...tt.tt..
9 ....tt.tt.

Turn = 55.
  0123456789
0 ttttt.....
1 ttttt.....
2 ..t.......
3 r.r.......
4 .r...tt...
5 ...rrtt.tt
6 ...rrtttt.
7 ...r.t.tt.
8 ...tt.tt..
9 ....tt.tt.

Turn = 60.
  0123456789
0 ttttt.....
1 trttt.....
2 .tt.......
3 ......t...
4 ....rrt...
5 .r...rr.tt
6 r...ttrtt.
7 ....tt.tt.
8 r..tt.tt..
9 ....tt.tt.

Turn = 65.
  0123456789
0 ttttt.....
1 ttttt.....
2 .tt.......
3 ......t...
4 .....r....
5 ..r..trttt
6 .r...tttt.
7 r...tt.tt.
8 r..tt.tt..
9 ...ttt.tt.

Turn = 70.
  0123456789
0 ttttt.....
1 ttttt.....
2 .tt.......
3 r.....t...
4 ..r.....r.
5 ......tt.t
6 .....tttt.
7 ....ttttt.
8 r.ttt.tt..
9 .r.ttt.tt.

Turn = 75.
  0123456789
0 ttttt...r.
1 ttttt.....
2 rtt.......
3 r.....t...
4 ..........
5 ......tt.t
6 .....tttt.
7 ....ttttt.
8 ..trr.tt..
9 r.tttt.tt.

Turn = 80.
  0123456789
0 ttttrr....
1 ttttt.....
2 ttt.......
3 t...r.t...
4 ....r.....
5 ..r...tt.t
6 ..r..tttt.
7 .....tttt.
8 ...t..tt..
9 ..rttt.tt.

Turn = 85.
  0123456789
0 tttttt....
1 ttttt.....
2 ttrr......
3 t.rr..t...
4 r.........
5 ...r..tt.t
6 ..r..tttt.
7 .....tttt.
8 ....t.tt..
9 ....tt.tt.

Turn = 90.
  0123456789
0 tttttt....
1 ttttt.....
2 tttt......
3 t.tt..t...
4 ..t.......
5 r.....tt.t
6 .....tttt.
7 .....tttt.
8 r...t.tt..
9 ....tt.tt.

Turn = 95.
  0123456789
0 tttttt....
1 ttttt.....
2 tttt......
3 t.tt..t...
4 t.t.......
5 ......tt.t
6 .....tttt.
7 .....tttt.
8 ....t.tt..
9 ...rtt.tt.

Turn = 100.
  0123456789
0 tttttt....
1 ttttt.....
2 tttt......
3 t.tt..t...
4 t.t.......
5 ......tt.t
6 .....tttt.
7 ...r.tttt.
8 ....r.tt..
9 ....rr.tt.

